#
# There is insufficient memory for the Java Runtime Environment to continue.
# Native memory allocation (mmap) failed to map 199229440 bytes for G1 virtual space
# Possible reasons:
#   The system is out of physical RAM or swap space
#   The process is running with CompressedOops enabled, and the Java Heap may be blocking the growth of the native heap
# Possible solutions:
#   Reduce memory load on the system
#   Increase physical memory or swap space
#   Check if swap backing store is full
#   Decrease Java heap size (-Xmx/-Xms)
#   Decrease number of Java threads
#   Decrease Java thread stack sizes (-Xss)
#   Set larger code cache with -XX:ReservedCodeCacheSize=
#   JVM is running with Zero Based Compressed Oops mode in which the Java heap is
#     placed in the first 32GB address space. The Java Heap base address is the
#     maximum limit for the native heap growth. Please use -XX:HeapBaseMinAddress
#     to set the Java Heap base and to place the Java Heap above 32GB virtual address.
# This output file may be truncated or incomplete.
#
#  Out of Memory Error (./open/src/hotspot/os/windows/os_windows.cpp:3321), pid=14924, tid=7864
#
# JRE version:  (15.0.2+7) (build )
# Java VM: OpenJDK 64-Bit Server VM (15.0.2+7-27, mixed mode, sharing, tiered, compressed oops, g1 gc, windows-amd64)
# No core dump will be written. Minidumps are not enabled by default on client versions of Windows
#

---------------  S U M M A R Y ------------

Command Line: -Dfile.encoding=Cp1252 -XX:+ShowCodeDetailsInExceptionMessages tokenizer.Lexer

Host: Intel(R) Core(TM) i7-10510U CPU @ 1.80GHz, 8 cores, 11G,  Windows 10 , 64 bit Build 22000 (10.0.22000.708)
Time: Thu Oct 20 17:15:50 2022 Malay Peninsula Standard Time elapsed time: 0.010984 seconds (0d 0h 0m 0s)

---------------  T H R E A D  ---------------

Current thread (0x000001ac1a3c1780):  JavaThread "Unknown thread" [_thread_in_vm, id=7864, stack(0x0000005693500000,0x0000005693600000)]

Stack: [0x0000005693500000,0x0000005693600000]
Native frames: (J=compiled Java code, j=interpreted, Vv=VM code, C=native code)
V  [jvm.dll+0x62ae9a]
V  [jvm.dll+0x7817a9]
V  [jvm.dll+0x782f03]
V  [jvm.dll+0x783563]
V  [jvm.dll+0x216325]
V  [jvm.dll+0x6281d9]
V  [jvm.dll+0x61cf55]
V  [jvm.dll+0x2cffdd]
V  [jvm.dll+0x2cfe42]
V  [jvm.dll+0x2d5e1c]
V  [jvm.dll+0x32590a]
V  [jvm.dll+0x324fd4]
V  [jvm.dll+0x2a6f5a]
V  [jvm.dll+0x2a80f8]
V  [jvm.dll+0x75e241]
V  [jvm.dll+0x3341c4]
V  [jvm.dll+0x73e926]
V  [jvm.dll+0x3b7557]
V  [jvm.dll+0x3b8fe1]
C  [jli.dll+0x52fb]
C  [ucrtbase.dll+0x26c0c]
C  [KERNEL32.DLL+0x154e0]
C  [ntdll.dll+0x485b]


---------------  P R O C E S S  ---------------

Threads class SMR info:
_java_thread_list=0x00007ffc37ad4ff0, length=0, elements={
}

Java Threads: ( => current thread )

Other Threads:
  0x000001ac1a404fb0 GCTaskThread "GC Thread#0" [stack: 0x0000005693600000,0x0000005693700000] [id=8616]
  0x000001ac1a42f8f0 ConcurrentGCThread "G1 Main Marker" [stack: 0x0000005693700000,0x0000005693800000] [id=10412]
  0x000001ac1a4312b0 ConcurrentGCThread "G1 Conc#0" [stack: 0x0000005693800000,0x0000005693900000] [id=16680]

[error occurred during error reporting (printing all threads), id 0xc0000005, EXCEPTION_ACCESS_VIOLATION (0xc0000005) at pc=0x00007ffc372c7e27]

VM state: not at safepoint (not fully initialized)

VM Mutex/Monitor currently owned by a thread:  ([mutex/lock_event])
[0x000001ac1a3bd5b0] Heap_lock - owner thread: 0x000001ac1a3c1780

Heap address: 0x0000000743600000, size: 3018 MB, Compressed Oops mode: Zero based, Oop shift amount: 3
CDS archive(s) mapped at: [0x0000000000000000-0x0000000000000000-0x0000000000000000), size 0, SharedBaseAddress: 0x0000000800000000, ArchiveRelocationMode: 0.
Narrow klass base: 0x0000000000000000, Narrow klass shift: 0, Narrow klass range: 0x0

Heap:
 garbage-first heap   total 194560K, used 0K [0x0000000743600000, 0x0000000800000000)
  region size 2048K, 0 young (0K), 0 survivors (0K)
 Metaspace       used 0K, capacity 0K, committed 0K, reserved 0K
  class space    used 0K, capacity 0K, committed 0K, reserved 0K

Heap Regions: E=young(eden), S=young(survivor), O=old, HS=humongous(starts), HC=humongous(continues), CS=collection set, F=free, OA=open archive, CA=closed archive, TAMS=top-at-mark-start (previous, next)

Card table byte_map: [0x000001ac2d700000,0x000001ac2dcf0000] _byte_map_base: 0x000001ac29ce5000

Marking Bits (Prev, Next): (CMBitMap*) 0x000001ac1a405820, (CMBitMap*) 0x000001ac1a405860
 Prev Bits: [0x000001ac2e2e0000, 0x000001ac31208000)
 Next Bits: [0x000001ac31210000, 0x000001ac34138000)

GC Heap History (0 events):
No events

Deoptimization events (0 events):
No events

Classes unloaded (0 events):
No events

Classes redefined (0 events):
No events

Internal exceptions (0 events):
No events

Events (1 events):
Event: 0.006 Loaded shared library C:\Users\bhevz\.p2\pool\plugins\org.eclipse.justj.openjdk.hotspot.jre.full.win32.x86_64_15.0.2.v20210201-0955\jre\bin\java.dll


Dynamic libraries:
0x00007ff771eb0000 - 0x00007ff771ebd000 	C:\Users\bhevz\.p2\pool\plugins\org.eclipse.justj.openjdk.hotspot.jre.full.win32.x86_64_15.0.2.v20210201-0955\jre\bin\javaw.exe
0x00007ffceb8e0000 - 0x00007ffcebae9000 	C:\WINDOWS\SYSTEM32\ntdll.dll
0x00007ffce99d0000 - 0x00007ffce9a8d000 	C:\WINDOWS\System32\KERNEL32.DLL
0x00007ffce93e0000 - 0x00007ffce975b000 	C:\WINDOWS\System32\KERNELBASE.dll
0x00007ffce91b0000 - 0x00007ffce92c1000 	C:\WINDOWS\System32\ucrtbase.dll
0x00007ffcd4490000 - 0x00007ffcd44a8000 	C:\Users\bhevz\.p2\pool\plugins\org.eclipse.justj.openjdk.hotspot.jre.full.win32.x86_64_15.0.2.v20210201-0955\jre\bin\jli.dll
0x00007ffcc7f80000 - 0x00007ffcc7f99000 	C:\Users\bhevz\.p2\pool\plugins\org.eclipse.justj.openjdk.hotspot.jre.full.win32.x86_64_15.0.2.v20210201-0955\jre\bin\VCRUNTIME140.dll
0x00007ffceb020000 - 0x00007ffceb1cd000 	C:\WINDOWS\System32\USER32.dll
0x00007ffcc9e20000 - 0x00007ffcca0c5000 	C:\WINDOWS\WinSxS\amd64_microsoft.windows.common-controls_6595b64144ccf1df_6.0.22000.120_none_9d947278b86cc467\COMCTL32.dll
0x00007ffce8db0000 - 0x00007ffce8dd6000 	C:\WINDOWS\System32\win32u.dll
0x00007ffcea080000 - 0x00007ffcea123000 	C:\WINDOWS\System32\msvcrt.dll
0x00007ffce9880000 - 0x00007ffce98a9000 	C:\WINDOWS\System32\GDI32.dll
0x00007ffce9090000 - 0x00007ffce91a8000 	C:\WINDOWS\System32\gdi32full.dll
0x00007ffce9340000 - 0x00007ffce93dd000 	C:\WINDOWS\System32\msvcp_win.dll
0x00007ffcea040000 - 0x00007ffcea071000 	C:\WINDOWS\System32\IMM32.DLL
0x00007ffce1500000 - 0x00007ffce150c000 	C:\Users\bhevz\.p2\pool\plugins\org.eclipse.justj.openjdk.hotspot.jre.full.win32.x86_64_15.0.2.v20210201-0955\jre\bin\vcruntime140_1.dll
0x00007ffcabee0000 - 0x00007ffcabf71000 	C:\Users\bhevz\.p2\pool\plugins\org.eclipse.justj.openjdk.hotspot.jre.full.win32.x86_64_15.0.2.v20210201-0955\jre\bin\msvcp140.dll
0x00007ffc37010000 - 0x00007ffc37b6e000 	C:\Users\bhevz\.p2\pool\plugins\org.eclipse.justj.openjdk.hotspot.jre.full.win32.x86_64_15.0.2.v20210201-0955\jre\bin\server\jvm.dll
0x00007ffceac40000 - 0x00007ffceacee000 	C:\WINDOWS\System32\ADVAPI32.dll
0x00007ffceb6b0000 - 0x00007ffceb74e000 	C:\WINDOWS\System32\sechost.dll
0x00007ffce98b0000 - 0x00007ffce99d0000 	C:\WINDOWS\System32\RPCRT4.dll
0x00007ffceb890000 - 0x00007ffceb898000 	C:\WINDOWS\System32\PSAPI.DLL
0x00007ffcde090000 - 0x00007ffcde0c3000 	C:\WINDOWS\SYSTEM32\WINMM.dll
0x00007ffcb00a0000 - 0x00007ffcb00a9000 	C:\WINDOWS\SYSTEM32\WSOCK32.dll
0x00007ffcd7c10000 - 0x00007ffcd7c1a000 	C:\WINDOWS\SYSTEM32\VERSION.dll
0x00007ffceb640000 - 0x00007ffceb6af000 	C:\WINDOWS\System32\WS2_32.dll
0x00007ffce7f20000 - 0x00007ffce7f38000 	C:\WINDOWS\SYSTEM32\kernel.appcore.dll
0x00007ffcc7dd0000 - 0x00007ffcc7dda000 	C:\Users\bhevz\.p2\pool\plugins\org.eclipse.justj.openjdk.hotspot.jre.full.win32.x86_64_15.0.2.v20210201-0955\jre\bin\jimage.dll
0x00007ffce62f0000 - 0x00007ffce6511000 	C:\WINDOWS\SYSTEM32\DBGHELP.DLL
0x00007ffcccea0000 - 0x00007ffccced1000 	C:\WINDOWS\SYSTEM32\dbgcore.DLL
0x00007ffce9010000 - 0x00007ffce908f000 	C:\WINDOWS\System32\bcryptPrimitives.dll
0x00007ffca83c0000 - 0x00007ffca83e5000 	C:\Users\bhevz\.p2\pool\plugins\org.eclipse.justj.openjdk.hotspot.jre.full.win32.x86_64_15.0.2.v20210201-0955\jre\bin\java.dll

dbghelp: loaded successfully - version: 4.0.5 - missing functions: none
symbol engine: initialized successfully - sym options: 0x614 - pdb path: .;C:\Users\bhevz\.p2\pool\plugins\org.eclipse.justj.openjdk.hotspot.jre.full.win32.x86_64_15.0.2.v20210201-0955\jre\bin;C:\WINDOWS\SYSTEM32;C:\WINDOWS\WinSxS\amd64_microsoft.windows.common-controls_6595b64144ccf1df_6.0.22000.120_none_9d947278b86cc467;C:\Users\bhevz\.p2\pool\plugins\org.eclipse.justj.openjdk.hotspot.jre.full.win32.x86_64_15.0.2.v20210201-0955\jre\bin\server

VM Arguments:
jvm_args: -Dfile.encoding=Cp1252 -XX:+ShowCodeDetailsInExceptionMessages 
java_command: tokenizer.Lexer
java_class_path (initial): C:\Users\bhevz\git\Theory-of-Programming-Languages\boop\bin
Launcher Type: SUN_STANDARD

[Global flags]
     intx CICompilerCount                          = 4                                         {product} {ergonomic}
     uint ConcGCThreads                            = 2                                         {product} {ergonomic}
     uint G1ConcRefinementThreads                  = 8                                         {product} {ergonomic}
   size_t G1HeapRegionSize                         = 2097152                                   {product} {ergonomic}
    uintx GCDrainStackTargetSize                   = 64                                        {product} {ergonomic}
   size_t InitialHeapSize                          = 199229440                                 {product} {ergonomic}
   size_t MarkStackSize                            = 4194304                                   {product} {ergonomic}
   size_t MaxHeapSize                              = 3164602368                                {product} {ergonomic}
   size_t MinHeapDeltaBytes                        = 2097152                                   {product} {ergonomic}
   size_t MinHeapSize                              = 8388608                                   {product} {ergonomic}
    uintx NonNMethodCodeHeapSize                   = 5839372                                {pd product} {ergonomic}
    uintx NonProfiledCodeHeapSize                  = 122909434                              {pd product} {ergonomic}
    uintx ProfiledCodeHeapSize                     = 122909434                              {pd product} {ergonomic}
    uintx ReservedCodeCacheSize                    = 251658240                              {pd product} {ergonomic}
     bool SegmentedCodeCache                       = true                                      {product} {ergonomic}
     bool ShowCodeDetailsInExceptionMessages       = true                                   {manageable} {command line}
   size_t SoftMaxHeapSize                          = 3164602368                             {manageable} {ergonomic}
     bool UseCompressedClassPointers               = true                                 {lp64_product} {ergonomic}
     bool UseCompressedOops                        = true                                 {lp64_product} {ergonomic}
     bool UseG1GC                                  = true                                      {product} {ergonomic}
     bool UseLargePagesIndividualAllocation        = false                                  {pd product} {ergonomic}

Logging:
Log output configuration:
 #0: stdout all=warning uptime,level,tags
 #1: stderr all=off uptime,level,tags

Environment Variables:
PATH=C:/Users/bhevz/.p2/pool/plugins/org.eclipse.justj.openjdk.hotspot.jre.full.win32.x86_64_15.0.2.v20210201-0955/jre/bin/server;C:/Users/bhevz/.p2/pool/plugins/org.eclipse.justj.openjdk.hotspot.jre.full.win32.x86_64_15.0.2.v20210201-0955/jre/bin;C:\Program Files\Rockwell Software\RSCommon;C:\ProgramData\Oracle\Java\javapath;C:\WINDOWS\system32;C:\WINDOWS;C:\WINDOWS\System32\Wbem;C:\WINDOWS\System32\WindowsPowerShell\v1.0\;C:\WINDOWS\System32\OpenSSH\;C:\Users\bhevz\AppData\Local\Microsoft\WindowsApps;C:\Users\bhevz\AppData\Local\GitHubDesktop\bin;C:\Users\bhevz\java-2020-09\eclipse;
USERNAME=bhevz
OS=Windows_NT
PROCESSOR_IDENTIFIER=Intel64 Family 6 Model 142 Stepping 12, GenuineIntel



---------------  S Y S T E M  ---------------

OS:
 Windows 10 , 64 bit Build 22000 (10.0.22000.708)
OS uptime: 0 days 1:39 hours

CPU: total 8 (initial active 8) (4 cores per cpu, 2 threads per core) family 6 model 142 stepping 12 microcode 0xde, cmov, cx8, fxsr, mmx, sse, sse2, sse3, ssse3, sse4.1, sse4.2, popcnt, vzeroupper, avx, avx2, aes, clmul, erms, 3dnowpref, lzcnt, ht, tsc, tscinvbit, bmi1, bmi2, adx, fma, clflush, clflushopt

Memory: 4k page, system-wide physical 12069M (3487M free)
TotalPageFile size 13925M (AvailPageFile size 63M)
current process WorkingSet (physical memory assigned to process): 10M, peak: 10M
current process commit charge ("private bytes"): 60M, peak: 250M

vm_info: OpenJDK 64-Bit Server VM (15.0.2+7-27) for windows-amd64 JRE (15.0.2+7-27), built on Dec  7 2020 20:02:38 by "mach5one" with unknown MS VC++:1925

END.
